{"/Users/zlc/Document/CISE_code/demo-repository/backend/src/app.controller.ts": {"path":"/Users/zlc/Document/CISE_code/demo-repository/backend/src/app.controller.ts","statementMap":{"0":{"start":{"line":1,"column":0},"end":{"line":1,"column":49}},"1":{"start":{"line":2,"column":0},"end":{"line":2,"column":43}},"2":{"start":{"line":5,"column":7},"end":{"line":12,"column":null}},"3":{"start":{"line":6,"column":31},"end":{"line":6,"column":43}},"4":{"start":{"line":10,"column":4},"end":{"line":10,"column":38}},"5":{"start":{"line":5,"column":13},"end":{"line":5,"column":26}},"6":{"start":{"line":9,"column":2},"end":{"line":11,"column":null}},"7":{"start":{"line":5,"column":13},"end":{"line":12,"column":null}}},"fnMap":{"0":{"name":"(anonymous_2)","decl":{"start":{"line":6,"column":2},"end":{"line":6,"column":31}},"loc":{"start":{"line":6,"column":53},"end":{"line":6,"column":57}}},"1":{"name":"(anonymous_3)","decl":{"start":{"line":9,"column":2},"end":{"line":9,"column":10}},"loc":{"start":{"line":9,"column":10},"end":{"line":11,"column":3}}}},"branchMap":{"0":{"loc":{"start":{"line":6,"column":43},"end":{"line":6,"column":56}},"type":"cond-expr","locations":[{"start":{"line":6,"column":53},"end":{"line":6,"column":56}},{"start":{"line":6,"column":53},"end":{"line":6,"column":56}}]},"1":{"loc":{"start":{"line":6,"column":43},"end":{"line":6,"column":53}},"type":"binary-expr","locations":[{"start":{"line":6,"column":43},"end":{"line":6,"column":56}},{"start":{"line":6,"column":43},"end":{"line":6,"column":53}}]}},"s":{"0":1,"1":1,"2":1,"3":1,"4":1,"5":1,"6":1,"7":1},"f":{"0":1,"1":1},"b":{"0":[1,0],"1":[1,1]}}
,"/Users/zlc/Document/CISE_code/demo-repository/backend/src/app.module.ts": {"path":"/Users/zlc/Document/CISE_code/demo-repository/backend/src/app.module.ts","statementMap":{"0":{"start":{"line":1,"column":0},"end":{"line":1,"column":40}},"1":{"start":{"line":2,"column":0},"end":{"line":2,"column":49}},"2":{"start":{"line":3,"column":0},"end":{"line":3,"column":43}},"3":{"start":{"line":4,"column":0},"end":{"line":4,"column":50}},"4":{"start":{"line":5,"column":0},"end":{"line":5,"column":62}},"5":{"start":{"line":8,"column":2},"end":{"line":8,"column":118}},"6":{"start":{"line":15,"column":7},"end":{"line":15,"column":null}},"7":{"start":{"line":15,"column":13},"end":{"line":15,"column":22}},"8":{"start":{"line":15,"column":13},"end":{"line":15,"column":null}}},"fnMap":{},"branchMap":{},"s":{"0":0,"1":0,"2":0,"3":0,"4":0,"5":0,"6":0,"7":0,"8":0},"f":{},"b":{}}
,"/Users/zlc/Document/CISE_code/demo-repository/backend/src/app.service.ts": {"path":"/Users/zlc/Document/CISE_code/demo-repository/backend/src/app.service.ts","statementMap":{"0":{"start":{"line":1,"column":0},"end":{"line":1,"column":44}},"1":{"start":{"line":4,"column":7},"end":{"line":8,"column":null}},"2":{"start":{"line":6,"column":4},"end":{"line":6,"column":26}},"3":{"start":{"line":4,"column":13},"end":{"line":4,"column":23}},"4":{"start":{"line":4,"column":13},"end":{"line":8,"column":null}}},"fnMap":{"0":{"name":"(anonymous_1)","decl":{"start":{"line":5,"column":2},"end":{"line":5,"column":10}},"loc":{"start":{"line":5,"column":10},"end":{"line":7,"column":3}}}},"branchMap":{},"s":{"0":1,"1":1,"2":1,"3":1,"4":1},"f":{"0":1},"b":{}}
,"/Users/zlc/Document/CISE_code/demo-repository/backend/src/main.ts": {"path":"/Users/zlc/Document/CISE_code/demo-repository/backend/src/main.ts","statementMap":{"0":{"start":{"line":1,"column":0},"end":{"line":1,"column":43}},"1":{"start":{"line":2,"column":0},"end":{"line":2,"column":41}},"2":{"start":{"line":5,"column":14},"end":{"line":5,"column":49}},"3":{"start":{"line":7,"column":2},"end":{"line":11,"column":5}},"4":{"start":{"line":12,"column":15},"end":{"line":12,"column":39}},"5":{"start":{"line":13,"column":2},"end":{"line":13,"column":78}},"6":{"start":{"line":13,"column":31},"end":{"line":13,"column":76}},"7":{"start":{"line":15,"column":0},"end":{"line":15,"column":12}}},"fnMap":{"0":{"name":"bootstrap","decl":{"start":{"line":4,"column":15},"end":{"line":4,"column":24}},"loc":{"start":{"line":4,"column":24},"end":{"line":14,"column":1}}},"1":{"name":"(anonymous_1)","decl":{"start":{"line":13,"column":25},"end":{"line":13,"column":28}},"loc":{"start":{"line":13,"column":31},"end":{"line":13,"column":76}}}},"branchMap":{"0":{"loc":{"start":{"line":12,"column":15},"end":{"line":12,"column":39}},"type":"binary-expr","locations":[{"start":{"line":12,"column":15},"end":{"line":12,"column":31}},{"start":{"line":12,"column":35},"end":{"line":12,"column":39}}]}},"s":{"0":0,"1":0,"2":0,"3":0,"4":0,"5":0,"6":0,"7":0},"f":{"0":0,"1":0},"b":{"0":[0,0]}}
,"/Users/zlc/Document/CISE_code/demo-repository/backend/src/api/articles/article.controller.ts": {"path":"/Users/zlc/Document/CISE_code/demo-repository/backend/src/api/articles/article.controller.ts","statementMap":{"0":{"start":{"line":1,"column":0},"end":{"line":1,"column":null}},"1":{"start":{"line":12,"column":0},"end":{"line":12,"column":51}},"2":{"start":{"line":13,"column":0},"end":{"line":13,"column":56}},"3":{"start":{"line":14,"column":0},"end":{"line":14,"column":32}},"4":{"start":{"line":17,"column":7},"end":{"line":115,"column":null}},"5":{"start":{"line":18,"column":31},"end":{"line":18,"column":47}},"6":{"start":{"line":22,"column":4},"end":{"line":22,"column":38}},"7":{"start":{"line":27,"column":4},"end":{"line":38,"column":5}},"8":{"start":{"line":28,"column":6},"end":{"line":28,"column":43}},"9":{"start":{"line":30,"column":6},"end":{"line":37,"column":8}},"10":{"start":{"line":44,"column":4},"end":{"line":55,"column":5}},"11":{"start":{"line":45,"column":6},"end":{"line":45,"column":45}},"12":{"start":{"line":47,"column":6},"end":{"line":54,"column":8}},"13":{"start":{"line":61,"column":4},"end":{"line":75,"column":5}},"14":{"start":{"line":63,"column":6},"end":{"line":63,"column":62}},"15":{"start":{"line":64,"column":6},"end":{"line":64,"column":57}},"16":{"start":{"line":65,"column":6},"end":{"line":65,"column":55}},"17":{"start":{"line":67,"column":6},"end":{"line":74,"column":8}},"18":{"start":{"line":84,"column":4},"end":{"line":96,"column":5}},"19":{"start":{"line":85,"column":6},"end":{"line":85,"column":61}},"20":{"start":{"line":86,"column":6},"end":{"line":86,"column":57}},"21":{"start":{"line":88,"column":6},"end":{"line":95,"column":8}},"22":{"start":{"line":102,"column":4},"end":{"line":113,"column":5}},"23":{"start":{"line":103,"column":6},"end":{"line":103,"column":50}},"24":{"start":{"line":105,"column":6},"end":{"line":112,"column":8}},"25":{"start":{"line":17,"column":13},"end":{"line":17,"column":30}},"26":{"start":{"line":21,"column":2},"end":{"line":23,"column":null}},"27":{"start":{"line":26,"column":8},"end":{"line":39,"column":null}},"28":{"start":{"line":43,"column":8},"end":{"line":56,"column":null}},"29":{"start":{"line":60,"column":8},"end":{"line":76,"column":null}},"30":{"start":{"line":80,"column":8},"end":{"line":97,"column":null}},"31":{"start":{"line":101,"column":8},"end":{"line":114,"column":null}},"32":{"start":{"line":17,"column":13},"end":{"line":115,"column":null}}},"fnMap":{"0":{"name":"(anonymous_4)","decl":{"start":{"line":18,"column":2},"end":{"line":18,"column":31}},"loc":{"start":{"line":18,"column":61},"end":{"line":18,"column":65}}},"1":{"name":"(anonymous_5)","decl":{"start":{"line":21,"column":2},"end":{"line":21,"column":6}},"loc":{"start":{"line":21,"column":6},"end":{"line":23,"column":3}}},"2":{"name":"(anonymous_6)","decl":{"start":{"line":26,"column":8},"end":{"line":26,"column":15}},"loc":{"start":{"line":26,"column":15},"end":{"line":39,"column":3}}},"3":{"name":"(anonymous_7)","decl":{"start":{"line":43,"column":8},"end":{"line":43,"column":15}},"loc":{"start":{"line":43,"column":39},"end":{"line":56,"column":3}}},"4":{"name":"(anonymous_8)","decl":{"start":{"line":60,"column":8},"end":{"line":60,"column":18}},"loc":{"start":{"line":60,"column":61},"end":{"line":76,"column":3}}},"5":{"name":"(anonymous_9)","decl":{"start":{"line":80,"column":8},"end":{"line":80,"column":21}},"loc":{"start":{"line":82,"column":46},"end":{"line":97,"column":3}}},"6":{"name":"(anonymous_10)","decl":{"start":{"line":101,"column":8},"end":{"line":101,"column":21}},"loc":{"start":{"line":101,"column":45},"end":{"line":114,"column":3}}}},"branchMap":{"0":{"loc":{"start":{"line":60,"column":45},"end":{"line":60,"column":null}},"type":"cond-expr","locations":[{"start":{"line":60,"column":61},"end":{"line":60,"column":null}},{"start":{"line":60,"column":61},"end":{"line":60,"column":null}}]},"1":{"loc":{"start":{"line":60,"column":45},"end":{"line":60,"column":61}},"type":"binary-expr","locations":[{"start":{"line":60,"column":45},"end":{"line":60,"column":null}},{"start":{"line":60,"column":45},"end":{"line":60,"column":61}}]},"2":{"loc":{"start":{"line":82,"column":30},"end":{"line":82,"column":null}},"type":"cond-expr","locations":[{"start":{"line":82,"column":46},"end":{"line":82,"column":null}},{"start":{"line":82,"column":46},"end":{"line":82,"column":null}}]},"3":{"loc":{"start":{"line":82,"column":30},"end":{"line":82,"column":46}},"type":"binary-expr","locations":[{"start":{"line":82,"column":30},"end":{"line":82,"column":null}},{"start":{"line":82,"column":30},"end":{"line":82,"column":46}}]},"4":{"loc":{"start":{"line":18,"column":47},"end":{"line":18,"column":64}},"type":"cond-expr","locations":[{"start":{"line":18,"column":61},"end":{"line":18,"column":64}},{"start":{"line":18,"column":61},"end":{"line":18,"column":64}}]},"5":{"loc":{"start":{"line":18,"column":47},"end":{"line":18,"column":61}},"type":"binary-expr","locations":[{"start":{"line":18,"column":47},"end":{"line":18,"column":64}},{"start":{"line":18,"column":47},"end":{"line":18,"column":61}}]}},"s":{"0":0,"1":0,"2":0,"3":0,"4":0,"5":0,"6":0,"7":0,"8":0,"9":0,"10":0,"11":0,"12":0,"13":0,"14":0,"15":0,"16":0,"17":0,"18":0,"19":0,"20":0,"21":0,"22":0,"23":0,"24":0,"25":0,"26":0,"27":0,"28":0,"29":0,"30":0,"31":0,"32":0},"f":{"0":0,"1":0,"2":0,"3":0,"4":0,"5":0,"6":0},"b":{"0":[0,0],"1":[0,0],"2":[0,0],"3":[0,0],"4":[0,0],"5":[0,0]}}
,"/Users/zlc/Document/CISE_code/demo-repository/backend/src/api/articles/article.module.ts": {"path":"/Users/zlc/Document/CISE_code/demo-repository/backend/src/api/articles/article.module.ts","statementMap":{"0":{"start":{"line":1,"column":0},"end":{"line":1,"column":40}},"1":{"start":{"line":2,"column":0},"end":{"line":2,"column":57}},"2":{"start":{"line":3,"column":0},"end":{"line":3,"column":51}},"3":{"start":{"line":4,"column":0},"end":{"line":4,"column":50}},"4":{"start":{"line":5,"column":0},"end":{"line":5,"column":58}},"5":{"start":{"line":14,"column":7},"end":{"line":14,"column":null}},"6":{"start":{"line":14,"column":13},"end":{"line":14,"column":26}},"7":{"start":{"line":14,"column":13},"end":{"line":14,"column":null}}},"fnMap":{},"branchMap":{},"s":{"0":0,"1":0,"2":0,"3":0,"4":0,"5":0,"6":0,"7":0},"f":{},"b":{}}
,"/Users/zlc/Document/CISE_code/demo-repository/backend/src/api/articles/article.scheme.ts": {"path":"/Users/zlc/Document/CISE_code/demo-repository/backend/src/api/articles/article.scheme.ts","statementMap":{"0":{"start":{"line":1,"column":0},"end":{"line":1,"column":63}},"1":{"start":{"line":7,"column":7},"end":{"line":25,"column":null}},"2":{"start":{"line":7,"column":13},"end":{"line":7,"column":20}},"3":{"start":{"line":9,"column":2},"end":{"line":9,"column":null}},"4":{"start":{"line":12,"column":2},"end":{"line":12,"column":null}},"5":{"start":{"line":15,"column":2},"end":{"line":15,"column":null}},"6":{"start":{"line":18,"column":2},"end":{"line":18,"column":null}},"7":{"start":{"line":21,"column":2},"end":{"line":21,"column":null}},"8":{"start":{"line":24,"column":2},"end":{"line":24,"column":null}},"9":{"start":{"line":7,"column":13},"end":{"line":25,"column":null}},"10":{"start":{"line":27,"column":13},"end":{"line":27,"column":67}}},"fnMap":{},"branchMap":{},"s":{"0":0,"1":0,"2":0,"3":0,"4":0,"5":0,"6":0,"7":0,"8":0,"9":0,"10":0},"f":{},"b":{}}
,"/Users/zlc/Document/CISE_code/demo-repository/backend/src/api/articles/article.service.ts": {"path":"/Users/zlc/Document/CISE_code/demo-repository/backend/src/api/articles/article.service.ts","statementMap":{"0":{"start":{"line":1,"column":0},"end":{"line":1,"column":44}},"1":{"start":{"line":2,"column":0},"end":{"line":2,"column":43}},"2":{"start":{"line":3,"column":0},"end":{"line":3,"column":47}},"3":{"start":{"line":4,"column":0},"end":{"line":4,"column":33}},"4":{"start":{"line":6,"column":0},"end":{"line":6,"column":51}},"5":{"start":{"line":9,"column":7},"end":{"line":51,"column":null}},"6":{"start":{"line":11,"column":39},"end":{"line":11,"column":53}},"7":{"start":{"line":15,"column":4},"end":{"line":15,"column":35}},"8":{"start":{"line":18,"column":4},"end":{"line":18,"column":49}},"9":{"start":{"line":22,"column":20},"end":{"line":22,"column":70}},"10":{"start":{"line":23,"column":4},"end":{"line":23,"column":73}},"11":{"start":{"line":23,"column":18},"end":{"line":23,"column":73}},"12":{"start":{"line":24,"column":4},"end":{"line":24,"column":19}},"13":{"start":{"line":32,"column":4},"end":{"line":38,"column":5}},"14":{"start":{"line":33,"column":29},"end":{"line":33,"column":68}},"15":{"start":{"line":34,"column":6},"end":{"line":34,"column":41}},"16":{"start":{"line":36,"column":6},"end":{"line":36,"column":54}},"17":{"start":{"line":37,"column":6},"end":{"line":37,"column":52}},"18":{"start":{"line":42,"column":4},"end":{"line":44,"column":14}},"19":{"start":{"line":48,"column":27},"end":{"line":48,"column":79}},"20":{"start":{"line":49,"column":4},"end":{"line":49,"column":26}},"21":{"start":{"line":9,"column":13},"end":{"line":9,"column":27}},"22":{"start":{"line":9,"column":13},"end":{"line":51,"column":null}}},"fnMap":{"0":{"name":"(anonymous_4)","decl":{"start":{"line":10,"column":2},"end":{"line":10,"column":null}},"loc":{"start":{"line":11,"column":67},"end":{"line":12,"column":6}}},"1":{"name":"(anonymous_5)","decl":{"start":{"line":14,"column":2},"end":{"line":14,"column":6}},"loc":{"start":{"line":14,"column":6},"end":{"line":16,"column":3}}},"2":{"name":"(anonymous_6)","decl":{"start":{"line":17,"column":2},"end":{"line":17,"column":7}},"loc":{"start":{"line":17,"column":15},"end":{"line":19,"column":3}}},"3":{"name":"(anonymous_7)","decl":{"start":{"line":21,"column":2},"end":{"line":21,"column":7}},"loc":{"start":{"line":21,"column":26},"end":{"line":25,"column":3}}},"4":{"name":"(anonymous_8)","decl":{"start":{"line":31,"column":2},"end":{"line":31,"column":7}},"loc":{"start":{"line":31,"column":49},"end":{"line":39,"column":3}}},"5":{"name":"(anonymous_9)","decl":{"start":{"line":41,"column":2},"end":{"line":41,"column":7}},"loc":{"start":{"line":41,"column":61},"end":{"line":45,"column":3}}},"6":{"name":"(anonymous_10)","decl":{"start":{"line":47,"column":2},"end":{"line":47,"column":7}},"loc":{"start":{"line":47,"column":25},"end":{"line":50,"column":3}}}},"branchMap":{"0":{"loc":{"start":{"line":23,"column":4},"end":{"line":23,"column":73}},"type":"if","locations":[{"start":{"line":23,"column":4},"end":{"line":23,"column":73}},{"start":{},"end":{}}]},"1":{"loc":{"start":{"line":11,"column":53},"end":{"line":11,"column":67}},"type":"cond-expr","locations":[{"start":{"line":11,"column":58},"end":{"line":11,"column":67}},{"start":{"line":11,"column":58},"end":{"line":11,"column":67}}]},"2":{"loc":{"start":{"line":11,"column":53},"end":{"line":11,"column":58}},"type":"binary-expr","locations":[{"start":{"line":11,"column":53},"end":{"line":11,"column":67}},{"start":{"line":11,"column":53},"end":{"line":11,"column":58}}]}},"s":{"0":0,"1":0,"2":0,"3":0,"4":0,"5":0,"6":0,"7":0,"8":0,"9":0,"10":0,"11":0,"12":0,"13":0,"14":0,"15":0,"16":0,"17":0,"18":0,"19":0,"20":0,"21":0,"22":0},"f":{"0":0,"1":0,"2":0,"3":0,"4":0,"5":0,"6":0},"b":{"0":[0,0],"1":[0,0],"2":[0,0]}}
,"/Users/zlc/Document/CISE_code/demo-repository/backend/src/api/articles/create-article.dto.ts": {"path":"/Users/zlc/Document/CISE_code/demo-repository/backend/src/api/articles/create-article.dto.ts","statementMap":{"0":{"start":{"line":1,"column":0},"end":{"line":1,"column":13}}},"fnMap":{},"branchMap":{},"s":{"0":0},"f":{},"b":{}}
}
